<?xml version="1.0" encoding="UTF-8"?>
<!-- Generated by org.testng.reporters.JUnitXMLReporter -->
<testsuite ignored="0" hostname="huys-mbp-2.lan" failures="0" tests="3" name="Authentication" time="6.693" errors="0" timestamp="2022-02-07T23:31:52 PST">
  <testcase classname="test.LoginTest" name="loginWithIncorrectCreds" time="5.268"/>
  <testcase classname="test.LoginTest" name="loginWithIncorrectCreds" time="0.55"/>
  <testcase classname="test.LoginTest" name="loginWithcorrectCreds" time="0.623"/>
</testsuite> <!-- Authentication -->
