<?xml version="1.0" encoding="UTF-8"?>
<!-- Generated by org.testng.reporters.JUnitXMLReporter -->
<testsuite ignored="2" hostname="huys-mbp-2.lan" failures="0" tests="4" name="Authentication" time="12.519" errors="0" timestamp="2022-03-03T23:15:02 PST">
  <testcase classname="test.global.HomepageTest" name="testFooterComponent" time="9.251"/>
  <testcase classname="test.global.RegisterPageTest" name="testFooterComponent" time="9.407"/>
  <testcase classname="test.global.RegisterPageTest" name="testHeaderComponent" time="12.286"/>
  <testcase classname="test.global.HomepageTest" name="testHeaderComponent" time="12.469"/>
  <testcase classname="test.BaseTest.BaseTest" name="@AfterSuite afterSuite" time="0.0">
    <ignored/>
  </testcase> <!-- @AfterSuite afterSuite -->
  <testcase classname="test.BaseTest.BaseTest" name="@BeforeSuite beforeSuite" time="0.0">
    <ignored/>
  </testcase> <!-- @BeforeSuite beforeSuite -->
</testsuite> <!-- Authentication -->
