<?xml version="1.0" encoding="UTF-8"?>
<testng-results ignored="0" total="3" passed="3" failed="0" skipped="0">
  <reporter-output>
  </reporter-output>
  <suite started-at="2022-01-27T23:54:23 PST" name="Regression" finished-at="2022-01-27T23:54:25 PST" duration-ms="1966">
    <groups>
    </groups>
    <test started-at="2022-01-27T23:54:23 PST" name="Authentication" finished-at="2022-01-27T23:54:25 PST" duration-ms="1966">
      <class name="test.TestLoginPage">
        <test-method is-config="true" signature="beforeTest()[pri:0, instance:test.TestLoginPage@76b224cd]" started-at="2022-01-27T23:54:23 PST" name="beforeTest" finished-at="2022-01-27T23:54:23 PST" duration-ms="1" status="PASS">
          <reporter-output>
          </reporter-output>
        </test-method> <!-- beforeTest -->
        <test-method is-config="true" signature="beforeClass()[pri:0, instance:test.TestLoginPage@76b224cd]" started-at="2022-01-27T23:54:23 PST" name="beforeClass" finished-at="2022-01-27T23:54:23 PST" duration-ms="0" status="PASS">
          <reporter-output>
          </reporter-output>
        </test-method> <!-- beforeClass -->
        <test-method is-config="true" signature="openLoginPage()[pri:0, instance:test.TestLoginPage@76b224cd]" started-at="2022-01-27T23:54:23 PST" name="openLoginPage" finished-at="2022-01-27T23:54:24 PST" duration-ms="1288" status="PASS">
          <reporter-output>
          </reporter-output>
        </test-method> <!-- openLoginPage -->
        <test-method signature="loginWithCorrectCreds()[pri:0, instance:test.TestLoginPage@76b224cd]" started-at="2022-01-27T23:54:24 PST" name="loginWithCorrectCreds" finished-at="2022-01-27T23:54:25 PST" duration-ms="612" status="PASS">
          <reporter-output>
          </reporter-output>
        </test-method> <!-- loginWithCorrectCreds -->
      </class> <!-- test.TestLoginPage -->
      <class name="test.SignupTest">
        <test-method is-config="true" signature="beforeTest()[pri:0, instance:test.SignupTest@79ab34c1]" started-at="2022-01-27T23:54:23 PST" name="beforeTest" finished-at="2022-01-27T23:54:23 PST" duration-ms="11" status="PASS">
          <reporter-output>
          </reporter-output>
        </test-method> <!-- beforeTest -->
        <test-method is-config="true" signature="beforeClass()[pri:0, instance:test.SignupTest@79ab34c1]" started-at="2022-01-27T23:54:25 PST" name="beforeClass" finished-at="2022-01-27T23:54:25 PST" duration-ms="0" status="PASS">
          <reporter-output>
          </reporter-output>
        </test-method> <!-- beforeClass -->
        <test-method signature="signUpM01()[pri:0, instance:test.SignupTest@79ab34c1]" started-at="2022-01-27T23:54:25 PST" name="signUpM01" finished-at="2022-01-27T23:54:25 PST" duration-ms="1" status="PASS">
          <reporter-output>
          </reporter-output>
        </test-method> <!-- signUpM01 -->
        <test-method is-config="true" signature="openLoginPage()[pri:0, instance:test.SignupTest@79ab34c1]" started-at="2022-01-27T23:54:25 PST" name="openLoginPage" finished-at="2022-01-27T23:54:25 PST" duration-ms="0" status="PASS">
          <reporter-output>
          </reporter-output>
        </test-method> <!-- openLoginPage -->
        <test-method signature="signUpM02()[pri:0, instance:test.SignupTest@79ab34c1]" started-at="2022-01-27T23:54:25 PST" name="signUpM02" finished-at="2022-01-27T23:54:25 PST" duration-ms="0" status="PASS">
          <reporter-output>
          </reporter-output>
        </test-method> <!-- signUpM02 -->
        <test-method is-config="true" signature="openLoginPage()[pri:0, instance:test.SignupTest@79ab34c1]" started-at="2022-01-27T23:54:25 PST" name="openLoginPage" finished-at="2022-01-27T23:54:25 PST" duration-ms="0" status="PASS">
          <reporter-output>
          </reporter-output>
        </test-method> <!-- openLoginPage -->
      </class> <!-- test.SignupTest -->
    </test> <!-- Authentication -->
  </suite> <!-- Regression -->
</testng-results>
