<?xml version="1.0" encoding="UTF-8"?>
<testsuite xmlns:xsi="http://www.w3.org/2001/XMLSchema-instance" xsi:noNamespaceSchemaLocation="https://maven.apache.org/surefire/maven-surefire-plugin/xsd/surefire-test-report-3.0.xsd" version="3.0" name="TestSuite" time="6.342" tests="3" errors="0" skipped="0" failures="0">
  <properties>
[...]
</properties>
  <testcase name="loginWithCorrectCreds" classname="test.TestLoginPage" time="0.619">
    <system-out><![CDATA[SignupTest | BeforeTest
LoginTest | BeforeTest
LoginTest | BeforeClass
LoginTest | BeforeMethod
]]></system-out>
    <system-err><![CDATA[SLF4J: Failed to load class "org.slf4j.impl.StaticLoggerBinder".
SLF4J: Defaulting to no-operation (NOP) logger implementation
SLF4J: See http://www.slf4j.org/codes.html#StaticLoggerBinder for further details.
Starting ChromeDriver 96.0.4664.45 (76e4c1bb2ab4671b8beba3444e61c0f17584b2fc-refs/branch-heads/4664@{#947}) on port 55878
Only local co[nn1ec6ti4on3s 3ar5e6 a45l9l.ow7e0d5.]
[PWlAeRaNsIeN sGe]e:  hFtrtposm:S/o/cckhrAodmderdriv erf.acihlreodm ioun mne.orgt/semcuarsikt
[y-16co4n33s5id6e45rat9io.n705s][WA RfNoIr sNugGg]: eFrsotmionSso cokAndd r fkaeielpeindg  onC nhetmrasko
meDriver safe.
ChromeDriver was started successfully.
[1643356461.397][WARNING]: This version of ChromeDriver has not been tested with Chrome version 97.
Jan 27, 2022 11:54:21 PM org.openqa.selenium.remote.ProtocolHandshake createSession
INFO: Detected dialect: W3C
Jan 27, 2022 11:54:21 PM org.openqa.selenium.devtools.CdpVersionFinder findNearestMatch
WARNING: Unable to find an exact match for CDP version 97, so returning the closest version found: 95
Jan 27, 2022 11:54:21 PM org.openqa.selenium.devtools.CdpVersionFinder findNearestMatch
INFO: Found CDP implementation for version 97 of 95
Starting ChromeDriver 96.0.4664.45 (76e4c1bb2ab4671b8beba3444e61c0f17584b2fc-refs/branch-heads/4664@{#947}) on port 50798
Only local connections are allowed.
Please see https://chromedriver.chromium.org/security-considerations for suggestions on keeping ChromeDriver safe.
[1643356461.858][WARNING]: FromSockAddr failed on netmask
[1643356461.858][WARNING]: FromSockAddr failed on nCehtrmoamseDrk
iver was started successfully.
[1643356462.925][WARNING]: This version of ChromeDriver has not been tested with Chrome version 97.
Jan 27, 2022 11:54:22 PM org.openqa.selenium.remote.ProtocolHandshake createSession
INFO: Detected dialect: W3C
Jan 27, 2022 11:54:23 PM org.openqa.selenium.devtools.CdpVersionFinder findNearestMatch
WARNING: Unable to find an exact match for CDP version 97, so returning the closest version found: 95
Jan 27, 2022 11:54:23 PM org.openqa.selenium.devtools.CdpVersionFinder findNearestMatch
INFO: Found CDP implementation for version 97 of 95
]]></system-err>
  </testcase>
  <testcase name="signUpM01" classname="test.SignupTest" time="0">
    <system-out><![CDATA[SignupTest | BeforeClass
SignupTest | BeforeMethod
SignupTest | signUpM01
]]></system-out>
  </testcase>
  <testcase name="signUpM02" classname="test.SignupTest" time="0">
    <system-out><![CDATA[SignupTest | BeforeMethod
SignupTest | signUpM02
]]></system-out>
  </testcase>
</testsuite>