<?xml version="1.0" encoding="UTF-8"?>
<testsuite xmlns:xsi="http://www.w3.org/2001/XMLSchema-instance" xsi:noNamespaceSchemaLocation="https://maven.apache.org/surefire/maven-surefire-plugin/xsd/surefire-test-report-3.0.xsd" version="3.0" name="TestSuite" time="8.062" tests="3" errors="0" skipped="0" failures="0">
  <properties>
[...]
</properties>
  <testcase name="loginWithIncorrectCreds[CredsData{username=&apos;username 01&apos;, password=&apos;password 010&apos;}](1)" classname="test.LoginTest" time="5.304">
    <system-out><![CDATA[[Configuration] [WARN] Detected a static method [test.BaseTest.BaseTest.beforeSuite()]. Static configuration methods can cause  unexpected behavior.
[Configuration] [WARN] Detected a static method [test.BaseTest.BaseTest.afterSuite()]. Static configuration methods can cause  unexpected behavior.
]]></system-out>
    <system-err><![CDATA[SLF4J: Failed to load class "org.slf4j.impl.StaticLoggerBinder".
SLF4J: Defaulting to no-operation (NOP) logger implementation
SLF4J: See http://www.slf4j.org/codes.html#StaticLoggerBinder for further details.
Starting ChromeDriver 98.0.4758.80 (7f0488e8ba0d8e019187c6325a16c29d9b7f4989-refs/branch-heads/4758@{#972}) on port 61572
Only local connections are allowed.
Please see https://chromedriver.chromium.org/[se1c6u4r4i3t0y5-5c0o7n.s0i9d2e]ra[tWiAoRnNsI NfGo]r:  sFurgogmeSsotcikoAndsd ro nf akieleepdi nogn  CnhertommeaDsrki
v[er1 6s4a4f3e0.5
507C.h0r9o2m]e[DWriAvReNrI NwGa]s: s tFarrotmeSdo cskAudcdcre sfsafiullleyd. 
on netmask
Feb 07, 2022 11:31:49 PM org.openqa.selenium.remote.ProtocolHandshake createSession
INFO: Detected dialect: W3C
Feb 07, 2022 11:31:49 PM org.openqa.selenium.devtools.CdpVersionFinder findNearestMatch
WARNING: Unable to find an exact match for CDP version 98, so returning the closest version found: 95
Feb 07, 2022 11:31:49 PM org.openqa.selenium.devtools.CdpVersionFinder findNearestMatch
INFO: Found CDP implementation for version 98 of 95
]]></system-err>
  </testcase>
  <testcase name="loginWithIncorrectCreds[CredsData{username=&apos;username 02&apos;, password=&apos;password 020&apos;}](2)" classname="test.LoginTest" time="0.546"/>
  <testcase name="loginWithcorrectCreds" classname="test.LoginTest" time="0.621"/>
</testsuite>