<?xml version="1.0" encoding="UTF-8"?>
<testng-results ignored="0" total="3" passed="3" failed="0" skipped="0">
  <reporter-output>
  </reporter-output>
  <suite started-at="2022-02-07T23:31:45 PST" name="Regression" finished-at="2022-02-07T23:31:52 PST" duration-ms="6693">
    <groups>
    </groups>
    <test started-at="2022-02-07T23:31:45 PST" name="Authentication" finished-at="2022-02-07T23:31:52 PST" duration-ms="6693">
      <class name="test.LoginTest">
        <test-method is-config="true" signature="beforeSuite()[pri:0, instance:test.LoginTest@298d9a05]" started-at="2022-02-07T23:31:45 PST" name="beforeSuite" finished-at="2022-02-07T23:31:45 PST" duration-ms="24" status="PASS">
          <reporter-output>
          </reporter-output>
        </test-method> <!-- beforeSuite -->
        <test-method signature="loginWithIncorrectCreds(test.CredsData)[pri:0, instance:test.LoginTest@298d9a05]" started-at="2022-02-07T23:31:46 PST" name="loginWithIncorrectCreds" description="Login Test" data-provider="wrongCredData" finished-at="2022-02-07T23:31:51 PST" duration-ms="5268" status="PASS">
          <params>
            <param index="0">
              <value>
                <![CDATA[CredsData{username='username 01', password='password 010'}]]>
              </value>
            </param>
          </params>
          <reporter-output>
          </reporter-output>
        </test-method> <!-- loginWithIncorrectCreds -->
        <test-method is-config="true" signature="afterMethod(org.testng.ITestResult)[pri:0, instance:test.LoginTest@298d9a05]" started-at="2022-02-07T23:31:51 PST" name="afterMethod" finished-at="2022-02-07T23:31:51 PST" duration-ms="1" status="PASS">
          <params>
            <param index="0">
              <value>
                <![CDATA[[TestResult name=loginWithIncorrectCreds status=SUCCESS method=LoginTest.loginWithIncorrectCreds(test.CredsData)[pri:0, instance:test.LoginTest@298d9a05] output={null}]]]>
              </value>
            </param>
          </params>
          <reporter-output>
          </reporter-output>
        </test-method> <!-- afterMethod -->
        <test-method signature="loginWithIncorrectCreds(test.CredsData)[pri:0, instance:test.LoginTest@298d9a05]" started-at="2022-02-07T23:31:51 PST" name="loginWithIncorrectCreds" description="Login Test" data-provider="wrongCredData" finished-at="2022-02-07T23:31:52 PST" duration-ms="550" status="PASS">
          <params>
            <param index="0">
              <value>
                <![CDATA[CredsData{username='username 02', password='password 020'}]]>
              </value>
            </param>
          </params>
          <reporter-output>
          </reporter-output>
        </test-method> <!-- loginWithIncorrectCreds -->
        <test-method is-config="true" signature="afterMethod(org.testng.ITestResult)[pri:0, instance:test.LoginTest@298d9a05]" started-at="2022-02-07T23:31:52 PST" name="afterMethod" finished-at="2022-02-07T23:31:52 PST" duration-ms="1" status="PASS">
          <params>
            <param index="0">
              <value>
                <![CDATA[[TestResult name=loginWithIncorrectCreds status=SUCCESS method=LoginTest.loginWithIncorrectCreds(test.CredsData)[pri:0, instance:test.LoginTest@298d9a05] output={null}]]]>
              </value>
            </param>
          </params>
          <reporter-output>
          </reporter-output>
        </test-method> <!-- afterMethod -->
        <test-method signature="loginWithcorrectCreds()[pri:0, instance:test.LoginTest@298d9a05]" started-at="2022-02-07T23:31:52 PST" name="loginWithcorrectCreds" description="Login Test" finished-at="2022-02-07T23:31:52 PST" duration-ms="623" status="PASS">
          <reporter-output>
          </reporter-output>
        </test-method> <!-- loginWithcorrectCreds -->
        <test-method is-config="true" signature="afterMethod(org.testng.ITestResult)[pri:0, instance:test.LoginTest@298d9a05]" started-at="2022-02-07T23:31:52 PST" name="afterMethod" finished-at="2022-02-07T23:31:52 PST" duration-ms="1" status="PASS">
          <params>
            <param index="0">
              <value>
                <![CDATA[[TestResult name=loginWithcorrectCreds status=SUCCESS method=LoginTest.loginWithcorrectCreds()[pri:0, instance:test.LoginTest@298d9a05] output={null}]]]>
              </value>
            </param>
          </params>
          <reporter-output>
          </reporter-output>
        </test-method> <!-- afterMethod -->
        <test-method is-config="true" signature="afterSuite()[pri:0, instance:test.LoginTest@298d9a05]" started-at="2022-02-07T23:31:52 PST" name="afterSuite" finished-at="2022-02-07T23:31:52 PST" duration-ms="131" status="PASS">
          <reporter-output>
          </reporter-output>
        </test-method> <!-- afterSuite -->
      </class> <!-- test.LoginTest -->
    </test> <!-- Authentication -->
  </suite> <!-- Regression -->
</testng-results>
